#
# There is insufficient memory for the Java Runtime Environment to continue.
# Native memory allocation (mmap) failed to map 132120576 bytes. Error detail: G1 virtual space
# Possible reasons:
#   The system is out of physical RAM or swap space
#   This process is running with CompressedOops enabled, and the Java Heap may be blocking the growth of the native heap
# Possible solutions:
#   Reduce memory load on the system
#   Increase physical memory or swap space
#   Check if swap backing store is full
#   Decrease Java heap size (-Xmx/-Xms)
#   Decrease number of Java threads
#   Decrease Java thread stack sizes (-Xss)
#   Set larger code cache with -XX:ReservedCodeCacheSize=
#   JVM is running with Unscaled Compressed Oops mode in which the Java heap is
#     placed in the first 4GB address space. The Java Heap base address is the
#     maximum limit for the native heap growth. Please use -XX:HeapBaseMinAddress
#     to set the Java Heap base and to place the Java Heap above 4GB virtual address.
# This output file may be truncated or incomplete.
#
#  Out of Memory Error (os_windows.cpp:3564), pid=10268, tid=17844
#
# JRE version:  (24.0.2+12) (build )
# Java VM: OpenJDK 64-Bit Server VM (24.0.2+12, mixed mode, sharing, tiered, compressed oops, compressed class ptrs, g1 gc, windows-amd64)
# No core dump will be written. Minidumps are not enabled by default on client versions of Windows
#

---------------  S U M M A R Y ------------

Command Line: -Dfile.encoding=UTF-8 ClientSide.MainMenu

Host: Intel(R) Core(TM) i7-8565U CPU @ 1.80GHz, 8 cores, 7G,  Windows 10 , 64 bit Build 19041 (10.0.19041.5915)
Time: Mon Nov 24 13:01:02 2025 Arab Standard Time elapsed time: 0.011620 seconds (0d 0h 0m 0s)

---------------  T H R E A D  ---------------

Current thread (0x000001ba1cc7c8d0):  JavaThread "Unknown thread" [_thread_in_vm, id=17844, stack(0x000000b2a3700000,0x000000b2a3800000) (1024K)]

Stack: [0x000000b2a3700000,0x000000b2a3800000]
Native frames: (J=compiled Java code, j=interpreted, Vv=VM code, C=native code)
V  [jvm.dll+0x741329]  (no source info available)
V  [jvm.dll+0x97e243]  (no source info available)
V  [jvm.dll+0x98056d]  (no source info available)
V  [jvm.dll+0x980be3]  (no source info available)
V  [jvm.dll+0x2b5a76]  (no source info available)
V  [jvm.dll+0x73d795]  (no source info available)
V  [jvm.dll+0x730f4a]  (no source info available)
V  [jvm.dll+0x39ea2a]  (no source info available)
V  [jvm.dll+0x3a67a6]  (no source info available)
V  [jvm.dll+0x392fbe]  (no source info available)
V  [jvm.dll+0x393278]  (no source info available)
V  [jvm.dll+0x36a09c]  (no source info available)
V  [jvm.dll+0x36ad5d]  (no source info available)
V  [jvm.dll+0x9409ef]  (no source info available)
V  [jvm.dll+0x40786d]  (no source info available)
V  [jvm.dll+0x928e6e]  (no source info available)
V  [jvm.dll+0x4a2d0e]  (no source info available)
V  [jvm.dll+0x4a4c41]  (no source info available)
C  [jli.dll+0x52a1]  (no source info available)
C  [ucrtbase.dll+0x21bb2]  (no source info available)
C  [KERNEL32.DLL+0x17374]  (no source info available)
C  [ntdll.dll+0x4cc91]  (no source info available)

Lock stack of current Java thread (top to bottom):


---------------  P R O C E S S  ---------------

Threads class SMR info:
_java_thread_list=0x00007ff83854bf58, length=0, elements={
}

Java Threads: ( => current thread )
Total: 0

Other Threads:
  0x000001ba1f0774c0 WorkerThread "GC Thread#0"                     [id=12108, stack(0x000000b2a3800000,0x000000b2a3900000) (1024K)]
  0x000001ba1f08bf20 ConcurrentGCThread "G1 Main Marker"            [id=11192, stack(0x000000b2a3900000,0x000000b2a3a00000) (1024K)]
  0x000001ba1f08dbc0 WorkerThread "G1 Conc#0"                       [id=7608, stack(0x000000b2a3a00000,0x000000b2a3b00000) (1024K)]

[error occurred during error reporting (printing all threads), id 0xc0000005, EXCEPTION_ACCESS_VIOLATION (0xc0000005) at pc=0x00007ff837bbef9a]
VM state: not at safepoint (not fully initialized)

VM Mutex/Monitor currently owned by a thread:  ([mutex/lock_event])
[0x00007ff8385d5148] Heap_lock - owner thread: 0x000001ba1cc7c8d0

Heap address: 0x0000000082600000, size: 2010 MB, Compressed Oops mode: 32-bit

CDS archive(s) mapped at: [0x0000000000000000-0x0000000000000000-0x0000000000000000), size 0, SharedBaseAddress: 0x0000000800000000, ArchiveRelocationMode: 1.
UseCompressedClassPointers 1, UseCompactObjectHeaders 0
Narrow klass pointer bits 32, Max shift 3
Narrow klass base: 0xffffffffffffffff, Narrow klass shift: -1
Encoding Range: [0xffffffffffffffff - 0x000000007fffffff), (2147483648 bytes)
Klass Range:    [0x0000000000000000 - 0x0000000000000000), (0 bytes)
Klass ID Range:  [4294967295 - 0) (1)

GC Precious Log:
 CardTable entry size: 512
 Card Set container configuration: InlinePtr #cards 5 size 8 Array Of Cards #cards 10 size 36 Howl #buckets 4 coarsen threshold 1843 Howl Bitmap #cards 512 size 80 coarsen threshold 460 Card regions per heap region 1 cards per card region 2048

Heap:
 garbage-first heap   total reserved 2058240K, committed 0K, used 0K [0x0000000082600000, 0x0000000100000000)
  region size 1024K, 0 young (0K), 0 survivors (0K)

[error occurred during error reporting (printing heap information), id 0xc0000005, EXCEPTION_ACCESS_VIOLATION (0xc0000005) at pc=0x00007ff837fdfcd9]
GC Heap History (0 events):
No events

Dll operation events (1 events):
Event: 0.007 Loaded shared library C:\Program Files (x86)\Apache NetBeans\jdk\bin\java.dll

Deoptimization events (0 events):
No events

Classes loaded (0 events):
No events

Classes unloaded (0 events):
No events

Classes redefined (0 events):
No events

Internal exceptions (0 events):
No events

VM Operations (0 events):
No events

Memory protections (0 events):
No events

Nmethod flushes (0 events):
No events

Events (0 events):
No events


Dynamic libraries:
0x00007ff6e1930000 - 0x00007ff6e193e000 	C:\Program Files (x86)\Apache NetBeans\jdk\bin\java.exe
0x00007ff8840d0000 - 0x00007ff8842c8000 	C:\WINDOWS\SYSTEM32\ntdll.dll
0x00007ff883c60000 - 0x00007ff883d22000 	C:\WINDOWS\System32\KERNEL32.DLL
0x00007ff881800000 - 0x00007ff881af6000 	C:\WINDOWS\System32\KERNELBASE.dll
0x00007ff881d20000 - 0x00007ff881e20000 	C:\WINDOWS\System32\ucrtbase.dll
0x00007ff877220000 - 0x00007ff877236000 	C:\Program Files (x86)\Apache NetBeans\jdk\bin\jli.dll
0x00007ff87b590000 - 0x00007ff87b5ae000 	C:\Program Files (x86)\Apache NetBeans\jdk\bin\VCRUNTIME140.dll
0x00007ff883170000 - 0x00007ff883311000 	C:\WINDOWS\System32\USER32.dll
0x00007ff881bd0000 - 0x00007ff881bf2000 	C:\WINDOWS\System32\win32u.dll
0x00007ff8694f0000 - 0x00007ff86978b000 	C:\WINDOWS\WinSxS\amd64_microsoft.windows.common-controls_6595b64144ccf1df_6.0.19041.6456_none_60b8a6cb71f64256\COMCTL32.dll
0x00007ff883b30000 - 0x00007ff883b5b000 	C:\WINDOWS\System32\GDI32.dll
0x00007ff883960000 - 0x00007ff8839fe000 	C:\WINDOWS\System32\msvcrt.dll
0x00007ff881c00000 - 0x00007ff881d19000 	C:\WINDOWS\System32\gdi32full.dll
0x00007ff881760000 - 0x00007ff8817fd000 	C:\WINDOWS\System32\msvcp_win.dll
0x00007ff883440000 - 0x00007ff88346f000 	C:\WINDOWS\System32\IMM32.DLL
0x00007ff87b880000 - 0x00007ff87b88c000 	C:\Program Files (x86)\Apache NetBeans\jdk\bin\vcruntime140_1.dll
0x00007ff856c70000 - 0x00007ff856cfd000 	C:\Program Files (x86)\Apache NetBeans\jdk\bin\msvcp140.dll
0x00007ff837840000 - 0x00007ff8386bc000 	C:\Program Files (x86)\Apache NetBeans\jdk\bin\server\jvm.dll
0x00007ff883320000 - 0x00007ff8833d1000 	C:\WINDOWS\System32\ADVAPI32.dll
0x00007ff883bc0000 - 0x00007ff883c5f000 	C:\WINDOWS\System32\sechost.dll
0x00007ff883470000 - 0x00007ff883590000 	C:\WINDOWS\System32\RPCRT4.dll
0x00007ff881f80000 - 0x00007ff881fa7000 	C:\WINDOWS\System32\bcrypt.dll
0x00007ff883820000 - 0x00007ff88388b000 	C:\WINDOWS\System32\WS2_32.dll
0x00007ff880ca0000 - 0x00007ff880ceb000 	C:\WINDOWS\SYSTEM32\POWRPROF.dll
0x00007ff86b460000 - 0x00007ff86b487000 	C:\WINDOWS\SYSTEM32\WINMM.dll
0x00007ff8778e0000 - 0x00007ff8778ea000 	C:\WINDOWS\SYSTEM32\VERSION.dll
0x00007ff880b60000 - 0x00007ff880b72000 	C:\WINDOWS\SYSTEM32\UMPDC.dll
0x00007ff87f5d0000 - 0x00007ff87f5e2000 	C:\WINDOWS\SYSTEM32\kernel.appcore.dll
0x00007ff87b800000 - 0x00007ff87b80a000 	C:\Program Files (x86)\Apache NetBeans\jdk\bin\jimage.dll
0x00007ff87e7f0000 - 0x00007ff87e9f1000 	C:\WINDOWS\SYSTEM32\DBGHELP.DLL
0x00007ff878c50000 - 0x00007ff878c84000 	C:\WINDOWS\SYSTEM32\dbgcore.DLL
0x00007ff881fb0000 - 0x00007ff882032000 	C:\WINDOWS\System32\bcryptPrimitives.dll
0x00007ff87aab0000 - 0x00007ff87aace000 	C:\Program Files (x86)\Apache NetBeans\jdk\bin\java.dll
0x00007ff883a00000 - 0x00007ff883b2b000 	C:\WINDOWS\System32\ole32.dll
0x00007ff883d30000 - 0x00007ff884084000 	C:\WINDOWS\System32\combase.dll
0x00007ff8822a0000 - 0x00007ff882a10000 	C:\WINDOWS\System32\SHELL32.dll

JVMTI agents: none

dbghelp: loaded successfully - version: 4.0.5 - missing functions: none
symbol engine: initialized successfully - sym options: 0x614 - pdb path: .;C:\Program Files (x86)\Apache NetBeans\jdk\bin;C:\WINDOWS\SYSTEM32;C:\WINDOWS\WinSxS\amd64_microsoft.windows.common-controls_6595b64144ccf1df_6.0.19041.6456_none_60b8a6cb71f64256;C:\Program Files (x86)\Apache NetBeans\jdk\bin\server

VM Arguments:
jvm_args: -Dfile.encoding=UTF-8 
java_command: ClientSide.MainMenu
java_class_path (initial): C:\Users\sarah\OneDrive\Desktop\Network\IT328-TrainBookingSystem\TrainBookingSystem\build\classes
Launcher Type: SUN_STANDARD

[Global flags]
     intx CICompilerCount                          = 4                                         {product} {ergonomic}
     uint ConcGCThreads                            = 2                                         {product} {ergonomic}
     uint G1ConcRefinementThreads                  = 8                                         {product} {ergonomic}
   size_t G1HeapRegionSize                         = 1048576                                   {product} {ergonomic}
   size_t InitialHeapSize                          = 132120576                                 {product} {ergonomic}
   size_t MarkStackSize                            = 4194304                                   {product} {ergonomic}
   size_t MarkStackSizeMax                         = 536870912                                 {product} {ergonomic}
   size_t MaxHeapSize                              = 2107637760                                {product} {ergonomic}
   size_t MinHeapDeltaBytes                        = 1048576                                   {product} {ergonomic}
   size_t MinHeapSize                              = 8388608                                   {product} {ergonomic}
    uintx NonNMethodCodeHeapSize                   = 5832704                                {pd product} {ergonomic}
    uintx NonProfiledCodeHeapSize                  = 122945536                              {pd product} {ergonomic}
    uintx ProfiledCodeHeapSize                     = 122880000                              {pd product} {ergonomic}
    uintx ReservedCodeCacheSize                    = 251658240                              {pd product} {ergonomic}
     bool SegmentedCodeCache                       = true                                      {product} {ergonomic}
   size_t SoftMaxHeapSize                          = 2107637760                             {manageable} {ergonomic}
     bool UseCompressedOops                        = true                           {product lp64_product} {ergonomic}
     bool UseG1GC                                  = true                                      {product} {ergonomic}
     bool UseLargePagesIndividualAllocation        = false                                  {pd product} {ergonomic}

Logging:
Log output configuration:
 #0: stdout all=warning uptime,level,tags foldmultilines=false
 #1: stderr all=off uptime,level,tags foldmultilines=false

Environment Variables:
PATH=C:\WINDOWS\system32;C:\WINDOWS;C:\WINDOWS\System32\Wbem;C:\WINDOWS\System32\WindowsPowerShell\v1.0\;C:\WINDOWS\System32\OpenSSH\;C:\Program Files\Intel\WiFi\bin\;C:\Program Files\Common Files\Intel\WirelessCommon\;C:\Program Files\Git\cmd;C:\Users\sarah\AppData\Local\Microsoft\WindowsApps;C:\Users\sarah\AppData\Local\GitHubDesktop\bin;C:\Users\sarah\AppData\Local\Programs\Microsoft VS Code\bin
USERNAME=sarah
OS=Windows_NT
PROCESSOR_IDENTIFIER=Intel64 Family 6 Model 142 Stepping 11, GenuineIntel
TMP=C:\Users\sarah\AppData\Local\Temp
TEMP=C:\Users\sarah\AppData\Local\Temp




Periodic native trim disabled

---------------  S Y S T E M  ---------------

OS:
 Windows 10 , 64 bit Build 19041 (10.0.19041.5915)
OS uptime: 5 days 1:45 hours

CPU: total 8 (initial active 8) (4 cores per cpu, 2 threads per core) family 6 model 142 stepping 11 microcode 0xae, cx8, cmov, fxsr, ht, mmx, 3dnowpref, sse, sse2, sse3, ssse3, sse4.1, sse4.2, popcnt, lzcnt, tsc, tscinvbit, avx, avx2, aes, erms, clmul, bmi1, bmi2, adx, fma, vzeroupper, clflush, clflushopt, rdtscp, f16c
Processor Information for the first 8 processors :
  Max Mhz: 1992, Current Mhz: 1992, Mhz Limit: 1792

Memory: 4k page, system-wide physical 8037M (557M free)
TotalPageFile size 18277M (AvailPageFile size 21M)
current process WorkingSet (physical memory assigned to process): 11M, peak: 11M
current process commit charge ("private bytes"): 60M, peak: 186M

vm_info: OpenJDK 64-Bit Server VM (24.0.2+12) for windows-amd64 JRE (24.0.2+12) (Zulu24.32+13-CA), built on 2025-07-11T12:45:44Z with MS VC++ 17.1 (VS2022)

END.
